<?xml version="1.0" encoding="UTF-8"?>
<testng-results ignored="0" total="3" passed="3" failed="0" skipped="0">
  <reporter-output>
  </reporter-output>
  <suite started-at="2022-11-07T09:21:53Z" name="Default suite" finished-at="2022-11-07T09:21:53Z" duration-ms="93">
    <groups>
    </groups>
    <test started-at="2022-11-07T09:21:53Z" name="Default test" finished-at="2022-11-07T09:21:53Z" duration-ms="93">
      <class name="TestNG.TNG_003">
        <test-method is-config="true" signature="beforeTest()[pri:0, instance:TestNG.TNG_003@68e965f5]" started-at="2022-11-07T09:21:53Z" name="beforeTest" finished-at="2022-11-07T09:21:53Z" duration-ms="18" status="PASS">
          <reporter-output>
          </reporter-output>
        </test-method> <!-- beforeTest -->
        <test-method is-config="true" signature="beforeClass()[pri:0, instance:TestNG.TNG_003@68e965f5]" started-at="2022-11-07T09:21:53Z" name="beforeClass" finished-at="2022-11-07T09:21:53Z" duration-ms="1" status="PASS">
          <reporter-output>
          </reporter-output>
        </test-method> <!-- beforeClass -->
        <test-method is-config="true" signature="beforeMethod()[pri:0, instance:TestNG.TNG_003@68e965f5]" started-at="2022-11-07T09:21:53Z" name="beforeMethod" finished-at="2022-11-07T09:21:53Z" duration-ms="0" status="PASS">
          <reporter-output>
          </reporter-output>
        </test-method> <!-- beforeMethod -->
        <test-method signature="z()[pri:1, instance:TestNG.TNG_003@68e965f5]" started-at="2022-11-07T09:21:53Z" name="z" finished-at="2022-11-07T09:21:53Z" duration-ms="10" status="PASS">
          <reporter-output>
          </reporter-output>
        </test-method> <!-- z -->
        <test-method is-config="true" signature="afterMethod()[pri:0, instance:TestNG.TNG_003@68e965f5]" started-at="2022-11-07T09:21:53Z" name="afterMethod" finished-at="2022-11-07T09:21:53Z" duration-ms="1" status="PASS">
          <reporter-output>
          </reporter-output>
        </test-method> <!-- afterMethod -->
        <test-method signature="f()[pri:2, instance:TestNG.TNG_003@68e965f5]" started-at="2022-11-07T09:21:53Z" name="f" finished-at="2022-11-07T09:21:53Z" duration-ms="3" status="PASS">
          <reporter-output>
          </reporter-output>
        </test-method> <!-- f -->
        <test-method is-config="true" signature="beforeMethod()[pri:0, instance:TestNG.TNG_003@68e965f5]" started-at="2022-11-07T09:21:53Z" name="beforeMethod" finished-at="2022-11-07T09:21:53Z" duration-ms="0" status="PASS">
          <reporter-output>
          </reporter-output>
        </test-method> <!-- beforeMethod -->
        <test-method is-config="true" signature="afterMethod()[pri:0, instance:TestNG.TNG_003@68e965f5]" started-at="2022-11-07T09:21:53Z" name="afterMethod" finished-at="2022-11-07T09:21:53Z" duration-ms="2" status="PASS">
          <reporter-output>
          </reporter-output>
        </test-method> <!-- afterMethod -->
        <test-method signature="a()[pri:3, instance:TestNG.TNG_003@68e965f5]" started-at="2022-11-07T09:21:53Z" name="a" finished-at="2022-11-07T09:21:53Z" duration-ms="8" status="PASS">
          <reporter-output>
          </reporter-output>
        </test-method> <!-- a -->
        <test-method is-config="true" signature="beforeMethod()[pri:0, instance:TestNG.TNG_003@68e965f5]" started-at="2022-11-07T09:21:53Z" name="beforeMethod" finished-at="2022-11-07T09:21:53Z" duration-ms="0" status="PASS">
          <reporter-output>
          </reporter-output>
        </test-method> <!-- beforeMethod -->
        <test-method is-config="true" signature="afterMethod()[pri:0, instance:TestNG.TNG_003@68e965f5]" started-at="2022-11-07T09:21:53Z" name="afterMethod" finished-at="2022-11-07T09:21:53Z" duration-ms="1" status="PASS">
          <reporter-output>
          </reporter-output>
        </test-method> <!-- afterMethod -->
        <test-method is-config="true" signature="afterClass()[pri:0, instance:TestNG.TNG_003@68e965f5]" started-at="2022-11-07T09:21:53Z" name="afterClass" finished-at="2022-11-07T09:21:53Z" duration-ms="1" status="PASS">
          <reporter-output>
          </reporter-output>
        </test-method> <!-- afterClass -->
        <test-method is-config="true" signature="afterTest()[pri:0, instance:TestNG.TNG_003@68e965f5]" started-at="2022-11-07T09:21:53Z" name="afterTest" finished-at="2022-11-07T09:21:53Z" duration-ms="0" status="PASS">
          <reporter-output>
          </reporter-output>
        </test-method> <!-- afterTest -->
      </class> <!-- TestNG.TNG_003 -->
    </test> <!-- Default test -->
  </suite> <!-- Default suite -->
</testng-results>
