<?xml version="1.0" encoding="UTF-8"?>
<!-- Generated by org.testng.reporters.JUnitXMLReporter -->
<testsuite ignored="0" hostname="DESKTOP-3LBFI84" failures="0" tests="7" name="AutomationTest" time="0.146" errors="0" timestamp="07 Oct 2022 09:21:00 GMT">
  <testcase classname="TestNG.TNG_002" name="f" time="0.01"/>
  <testcase classname="TestNG.TNG_002" name="p" time="0.003"/>
  <testcase classname="TestNG.TNG_002" name="z" time="0.01"/>
  <testcase classname="TestNG.TNG_001" name="f" time="0.005"/>
  <testcase classname="TestNG.TNG_003" name="z" time="0.003"/>
  <testcase classname="TestNG.TNG_003" name="f" time="0.01"/>
  <testcase classname="TestNG.TNG_003" name="a" time="0.004"/>
</testsuite> <!-- AutomationTest -->
